<?xml version="1.0" encoding="UTF-8"?>
<!-- Generated by org.testng.reporters.JUnitXMLReporter -->
<testsuite ignored="0" hostname="D-113202868" failures="0" tests="2" name="Default test" time="64.423" errors="0" timestamp="06 Mar 2020 11:26:55 GMT">
  <testcase classname="com.wipro.telestra_assignment.FlipkartTest" name="verifySignUpLinkTest" time="2.157"/>
  <testcase classname="com.wipro.telestra_assignment.FlipkartTest" name="loginSearchPurchaseTest" time="31.035"/>
</testsuite> <!-- Default test -->
