<?xml version="1.0" encoding="UTF-8"?>
<!-- Generated by org.testng.reporters.JUnitXMLReporter -->
<testsuite ignored="1" hostname="D-113202868" failures="0" tests="1" name="Default test" time="47.423" errors="0" timestamp="05 Mar 2020 06:58:22 GMT">
  <testcase classname="com.wipro.telestra_assignment.FlipkartTest" name="loginSearchPurchaseTest" time="32.489"/>
  <testcase classname="com.wipro.telestra_assignment.FlipkartTest" name="verifySignUpLinkTest" time="0.0">
    <ignored/>
  </testcase> <!-- verifySignUpLinkTest -->
</testsuite> <!-- Default test -->
