<?xml version="1.0" encoding="UTF-8"?>
<testng-results ignored="0" total="2" passed="2" failed="0" skipped="0">
  <reporter-output>
  </reporter-output>
  <suite started-at="2020-03-06T11:25:50Z" name="Default suite" finished-at="2020-03-06T11:26:55Z" duration-ms="64423">
    <groups>
    </groups>
    <test started-at="2020-03-06T11:25:50Z" name="Default test" finished-at="2020-03-06T11:26:55Z" duration-ms="64423">
      <class name="com.wipro.telestra_assignment.FlipkartTest">
        <test-method is-config="true" signature="init_driver()[pri:0, instance:com.wipro.telestra_assignment.FlipkartTest@4988d8b8]" started-at="2020-03-06T16:55:50Z" name="init_driver" finished-at="2020-03-06T16:56:07Z" duration-ms="16419" status="PASS">
          <reporter-output>
          </reporter-output>
        </test-method> <!-- init_driver -->
        <test-method signature="verifySignUpLinkTest()[pri:1, instance:com.wipro.telestra_assignment.FlipkartTest@4988d8b8]" started-at="2020-03-06T16:56:07Z" name="verifySignUpLinkTest" description="verify Sign up link Test...." finished-at="2020-03-06T16:56:09Z" duration-ms="2157" status="PASS">
          <reporter-output>
          </reporter-output>
        </test-method> <!-- verifySignUpLinkTest -->
        <test-method is-config="true" signature="init_driver()[pri:0, instance:com.wipro.telestra_assignment.FlipkartTest@4988d8b8]" started-at="2020-03-06T16:56:09Z" name="init_driver" finished-at="2020-03-06T16:56:23Z" duration-ms="14792" status="PASS">
          <reporter-output>
          </reporter-output>
        </test-method> <!-- init_driver -->
        <test-method signature="loginSearchPurchaseTest()[pri:2, instance:com.wipro.telestra_assignment.FlipkartTest@4988d8b8]" started-at="2020-03-06T16:56:23Z" name="loginSearchPurchaseTest" description="verify Login Test...." finished-at="2020-03-06T16:56:55Z" duration-ms="31035" status="PASS">
          <reporter-output>
          </reporter-output>
        </test-method> <!-- loginSearchPurchaseTest -->
      </class> <!-- com.wipro.telestra_assignment.FlipkartTest -->
    </test> <!-- Default test -->
  </suite> <!-- Default suite -->
</testng-results>
