<?xml version="1.0" encoding="UTF-8"?>
<testng-results ignored="1" total="2" passed="0" failed="0" skipped="1">
  <reporter-output>
  </reporter-output>
  <suite started-at="2020-03-05T06:15:15Z" name="Default suite" finished-at="2020-03-05T06:16:11Z" duration-ms="55967">
    <groups>
    </groups>
    <test started-at="2020-03-05T06:15:15Z" name="Default test" finished-at="2020-03-05T06:16:11Z" duration-ms="55967">
      <class name="com.wipro.telestra_assignment.FlipkartTest">
        <test-method is-config="true" signature="init_driver()[pri:0, instance:com.wipro.telestra_assignment.FlipkartTest@158a8276]" started-at="2020-03-05T11:45:15Z" name="init_driver" finished-at="2020-03-05T11:46:11Z" duration-ms="55894" status="FAIL">
          <exception class="org.openqa.selenium.WebDriverException">
            <message>
              <![CDATA[Failed to connect to binary FirefoxBinary(C:\Program Files\Mozilla Firefox\firefox.exe) on port 7055; process output follows: 
reenshots","description":"Ð’Ñ�Ð±Ñ�Ñ�Ñ� Ð°Ð²Ñ�Ð°Ð½ ÐºÐ»Ð¸Ð¿ Ð±Ð¾Ð»Ð¾Ð½ Ð´Ñ�Ð»Ð³Ñ�Ñ†Ð¸Ð¹Ð½ Ð·ÑƒÑ€Ð³Ð¸Ð¹Ð³ Ð°Ð²Ð°Ð°Ð´ Ñ‚Ñ�Ð´Ð³Ñ�Ñ�Ñ€Ð¸Ð¹Ð³ Ñ‚Ò¯Ñ€ Ñ�Ñ�Ð²Ñ�Ð» Ð±Ò¯Ñ€Ð¼Ó©Ñ�Ó©Ð½ Ñ…Ð°Ð´Ð³Ð°Ð».","creator":"Mozilla <screenshots-feedback@mozilla.com>","homepageURL":"https://github.com/mozilla-services/screenshots","developers":null,"translators":null,"contributors":null,"locales":["mn"]},{"name":"Firefox Screenshots","description":"Web sayfalarÄ±nÄ±n ekran gÃ¶rÃ¼ntÃ¼lerini alÄ±n, ister geÃ§ici ister kalÄ±cÄ± olarak kaydedin.","creator":"Mozilla <screenshots-feedback@mozilla.com>","homepageURL":"https://github.com/mozilla-services/screenshots","developers":null,"translators":null,"contributors":null,"locales":["tr"]},{"name":"Firefox Screenshots","description":"Haz capturas y recortes de la web y guÃ¡rdalos temporal o permanentemente.","creator":"Mozilla <screenshots-feedback@mozilla.com>","homepageURL":"https://github.com/mozilla-services/screenshots","developers":null,"translators":null,"contributors":null,"locales":["es-ES"]},{"name":"Firefox Screenshots","description":"à¤µà¥‡à¤¬à¤¬à¤¾à¤Ÿ à¤«à¥‹à¤Ÿà¥‹ à¤° à¤¸à¤¿à¤•à¥�à¤°à¤¿à¤¨à¤¸à¤Ÿ à¤¯à¤¾ à¤•à¥�à¤²à¤¿à¤ªà¤¹à¤°à¥‚ à¤²à¤¿à¤�à¤° à¤•à¥�à¤·à¤£à¤¿à¤• à¤µà¤¾ à¤¸à¤¦à¤¾à¤•à¥‹ à¤²à¤¾à¤—à¤¿ à¤¸à¤™à¥�à¤—à¥�à¤°à¤¹ à¤—à¤°à¥�à¤¨ à¥¤","creator":"Mozilla <screenshots-feedback@mozilla.com>","homepageURL":"https://github.com/mozilla-services/screenshots","developers":null,"translators":null,"contributors":null,"locales":["ne-NP"]},{"name":"Firefox Screenshots","description":"Maak clips en schermafbeeldingen van het web en sla deze tijdelijk of permanent op.","creator":"Mozilla <screenshots-feedback@mozilla.com>","homepageURL":"https://github.com/mozilla-services/screenshots","developers":null,"translators":null,"contributors":null,"locales":["nl"]}],"targetApplications":[{"id":"toolkit@mozilla.org","minVersion":"57.0a1","maxVersion":null}],"targetPlatforms":[],"seen":true,"dependencies":[],"incognito":"spanning","userPermissions":{"permissions":["activeTab","downloads","tabs","storage","notifications","clipboardWrite","contextMenus"],"origins":["<all_urls>","https://screenshots.firefox.com/","https://screenshots.firefox.com/*"]},"icons":{"32":"icons/icon-v2.svg"},"iconURL":null,"blocklistState":0,"blocklistURL":null,"startupData":null,"hidden":true,"installTelemetryInfo":null,"recommendationState":null,"rootURI":"jar:file:///C:/Program%20Files/Mozilla%20Firefox/browser/features/screenshots@mozilla.org.xpi!/","location":"app-system-defaults"}
1583388924370	addons.xpi-utils	DEBUG	Updating active state for add-on screenshots@mozilla.org to false
1583388925982	addons.manager	DEBUG	Registering upgrade listener for formautofill@mozilla.org
1583388926019	addons.xpi	DEBUG	Calling bootstrap method shutdown on screenshots@mozilla.org version 39.0.0
JavaScript error: resource://gre/modules/XULStore.jsm, line 66: Error: Can't find profile directory.
1583388961884	addons.xpi	DEBUG	Calling bootstrap method shutdown on wikipedia@search.mozilla.org version 1.0
1583388961885	addons.xpi	DEBUG	Calling bootstrap method shutdown on webcompat@mozilla.org version 7.0.0
1583388961891	addons.xpi	DEBUG	Calling bootstrap method shutdown on twitter@search.mozilla.org version 1.0
1583388961892	addons.xpi	DEBUG	Calling bootstrap method shutdown on google@search.mozilla.org version 1.0
1583388961893	addons.xpi	DEBUG	Calling bootstrap method shutdown on formautofill@mozilla.org version 1.0
1583388961895	addons.xpi	DEBUG	Calling bootstrap method shutdown on ebay@search.mozilla.org version 1.0
1583388961897	addons.xpi	DEBUG	Calling bootstrap method shutdown on doh-rollout@mozilla.org version 1.3.0
1583388961900	addons.xpi	DEBUG	Calling bootstrap method shutdown on default-theme@mozilla.org version 1.0
1583388961900	addons.xpi	DEBUG	Calling bootstrap method shutdown on ddg@search.mozilla.org version 1.0
1583388961902	addons.xpi	DEBUG	Calling bootstrap method shutdown on bing@search.mozilla.org version 1.1
1583388961903	addons.xpi	DEBUG	Calling bootstrap method shutdown on amazondotcom@search.mozilla.org version 1.1

Build info: version: '2.53.1', revision: 'a36b8b1cd5757287168e54b817830adce9b0158d', time: '2016-06-30 19:26:09'
System info: host: 'D-113202868', ip: '10.222.2.114', os.name: 'Windows 10', os.arch: 'amd64', os.version: '10.0', java.version: '11.0.1'
Driver info: driver.version: FirefoxDriver]]>
            </message>
            <full-stacktrace>
              <![CDATA[org.openqa.selenium.WebDriverException: Failed to connect to binary FirefoxBinary(C:\Program Files\Mozilla Firefox\firefox.exe) on port 7055; process output follows: 
reenshots","description":"Ð’Ñ�Ð±Ñ�Ñ�Ñ� Ð°Ð²Ñ�Ð°Ð½ ÐºÐ»Ð¸Ð¿ Ð±Ð¾Ð»Ð¾Ð½ Ð´Ñ�Ð»Ð³Ñ�Ñ†Ð¸Ð¹Ð½ Ð·ÑƒÑ€Ð³Ð¸Ð¹Ð³ Ð°Ð²Ð°Ð°Ð´ Ñ‚Ñ�Ð´Ð³Ñ�Ñ�Ñ€Ð¸Ð¹Ð³ Ñ‚Ò¯Ñ€ Ñ�Ñ�Ð²Ñ�Ð» Ð±Ò¯Ñ€Ð¼Ó©Ñ�Ó©Ð½ Ñ…Ð°Ð´Ð³Ð°Ð».","creator":"Mozilla <screenshots-feedback@mozilla.com>","homepageURL":"https://github.com/mozilla-services/screenshots","developers":null,"translators":null,"contributors":null,"locales":["mn"]},{"name":"Firefox Screenshots","description":"Web sayfalarÄ±nÄ±n ekran gÃ¶rÃ¼ntÃ¼lerini alÄ±n, ister geÃ§ici ister kalÄ±cÄ± olarak kaydedin.","creator":"Mozilla <screenshots-feedback@mozilla.com>","homepageURL":"https://github.com/mozilla-services/screenshots","developers":null,"translators":null,"contributors":null,"locales":["tr"]},{"name":"Firefox Screenshots","description":"Haz capturas y recortes de la web y guÃ¡rdalos temporal o permanentemente.","creator":"Mozilla <screenshots-feedback@mozilla.com>","homepageURL":"https://github.com/mozilla-services/screenshots","developers":null,"translators":null,"contributors":null,"locales":["es-ES"]},{"name":"Firefox Screenshots","description":"à¤µà¥‡à¤¬à¤¬à¤¾à¤Ÿ à¤«à¥‹à¤Ÿà¥‹ à¤° à¤¸à¤¿à¤•à¥�à¤°à¤¿à¤¨à¤¸à¤Ÿ à¤¯à¤¾ à¤•à¥�à¤²à¤¿à¤ªà¤¹à¤°à¥‚ à¤²à¤¿à¤�à¤° à¤•à¥�à¤·à¤£à¤¿à¤• à¤µà¤¾ à¤¸à¤¦à¤¾à¤•à¥‹ à¤²à¤¾à¤—à¤¿ à¤¸à¤™à¥�à¤—à¥�à¤°à¤¹ à¤—à¤°à¥�à¤¨ à¥¤","creator":"Mozilla <screenshots-feedback@mozilla.com>","homepageURL":"https://github.com/mozilla-services/screenshots","developers":null,"translators":null,"contributors":null,"locales":["ne-NP"]},{"name":"Firefox Screenshots","description":"Maak clips en schermafbeeldingen van het web en sla deze tijdelijk of permanent op.","creator":"Mozilla <screenshots-feedback@mozilla.com>","homepageURL":"https://github.com/mozilla-services/screenshots","developers":null,"translators":null,"contributors":null,"locales":["nl"]}],"targetApplications":[{"id":"toolkit@mozilla.org","minVersion":"57.0a1","maxVersion":null}],"targetPlatforms":[],"seen":true,"dependencies":[],"incognito":"spanning","userPermissions":{"permissions":["activeTab","downloads","tabs","storage","notifications","clipboardWrite","contextMenus"],"origins":["<all_urls>","https://screenshots.firefox.com/","https://screenshots.firefox.com/*"]},"icons":{"32":"icons/icon-v2.svg"},"iconURL":null,"blocklistState":0,"blocklistURL":null,"startupData":null,"hidden":true,"installTelemetryInfo":null,"recommendationState":null,"rootURI":"jar:file:///C:/Program%20Files/Mozilla%20Firefox/browser/features/screenshots@mozilla.org.xpi!/","location":"app-system-defaults"}
1583388924370	addons.xpi-utils	DEBUG	Updating active state for add-on screenshots@mozilla.org to false
1583388925982	addons.manager	DEBUG	Registering upgrade listener for formautofill@mozilla.org
1583388926019	addons.xpi	DEBUG	Calling bootstrap method shutdown on screenshots@mozilla.org version 39.0.0
JavaScript error: resource://gre/modules/XULStore.jsm, line 66: Error: Can't find profile directory.
1583388961884	addons.xpi	DEBUG	Calling bootstrap method shutdown on wikipedia@search.mozilla.org version 1.0
1583388961885	addons.xpi	DEBUG	Calling bootstrap method shutdown on webcompat@mozilla.org version 7.0.0
1583388961891	addons.xpi	DEBUG	Calling bootstrap method shutdown on twitter@search.mozilla.org version 1.0
1583388961892	addons.xpi	DEBUG	Calling bootstrap method shutdown on google@search.mozilla.org version 1.0
1583388961893	addons.xpi	DEBUG	Calling bootstrap method shutdown on formautofill@mozilla.org version 1.0
1583388961895	addons.xpi	DEBUG	Calling bootstrap method shutdown on ebay@search.mozilla.org version 1.0
1583388961897	addons.xpi	DEBUG	Calling bootstrap method shutdown on doh-rollout@mozilla.org version 1.3.0
1583388961900	addons.xpi	DEBUG	Calling bootstrap method shutdown on default-theme@mozilla.org version 1.0
1583388961900	addons.xpi	DEBUG	Calling bootstrap method shutdown on ddg@search.mozilla.org version 1.0
1583388961902	addons.xpi	DEBUG	Calling bootstrap method shutdown on bing@search.mozilla.org version 1.1
1583388961903	addons.xpi	DEBUG	Calling bootstrap method shutdown on amazondotcom@search.mozilla.org version 1.1

Build info: version: '2.53.1', revision: 'a36b8b1cd5757287168e54b817830adce9b0158d', time: '2016-06-30 19:26:09'
System info: host: 'D-113202868', ip: '10.222.2.114', os.name: 'Windows 10', os.arch: 'amd64', os.version: '10.0', java.version: '11.0.1'
Driver info: driver.version: FirefoxDriver
	at org.openqa.selenium.firefox.internal.NewProfileExtensionConnection.start(NewProfileExtensionConnection.java:125)
	at org.openqa.selenium.firefox.FirefoxDriver.startClient(FirefoxDriver.java:271)
	at org.openqa.selenium.remote.RemoteWebDriver.<init>(RemoteWebDriver.java:119)
	at org.openqa.selenium.firefox.FirefoxDriver.<init>(FirefoxDriver.java:216)
	at org.openqa.selenium.firefox.FirefoxDriver.<init>(FirefoxDriver.java:211)
	at org.openqa.selenium.firefox.FirefoxDriver.<init>(FirefoxDriver.java:207)
	at org.openqa.selenium.firefox.FirefoxDriver.<init>(FirefoxDriver.java:124)
	at com.wipro.telestra_assignment.base.BasePage.init_driver(BasePage.java:72)
	at java.base/jdk.internal.reflect.NativeMethodAccessorImpl.invoke0(Native Method)
	at java.base/jdk.internal.reflect.NativeMethodAccessorImpl.invoke(NativeMethodAccessorImpl.java:62)
	at java.base/jdk.internal.reflect.DelegatingMethodAccessorImpl.invoke(DelegatingMethodAccessorImpl.java:43)
	at java.base/java.lang.reflect.Method.invoke(Method.java:566)
	at org.testng.internal.MethodInvocationHelper.invokeMethod(MethodInvocationHelper.java:108)
	at org.testng.internal.Invoker.invokeConfigurationMethod(Invoker.java:523)
	at org.testng.internal.Invoker.invokeConfigurations(Invoker.java:224)
	at org.testng.internal.Invoker.invokeMethod(Invoker.java:599)
	at org.testng.internal.Invoker.invokeTestMethod(Invoker.java:869)
	at org.testng.internal.Invoker.invokeTestMethods(Invoker.java:1193)
	at org.testng.internal.TestMethodWorker.invokeTestMethods(TestMethodWorker.java:126)
	at org.testng.internal.TestMethodWorker.run(TestMethodWorker.java:109)
	at org.testng.TestRunner.privateRun(TestRunner.java:744)
	at org.testng.TestRunner.run(TestRunner.java:602)
	at org.testng.SuiteRunner.runTest(SuiteRunner.java:380)
	at org.testng.SuiteRunner.runSequentially(SuiteRunner.java:375)
	at org.testng.SuiteRunner.privateRun(SuiteRunner.java:340)
	at org.testng.SuiteRunner.run(SuiteRunner.java:289)
	at org.testng.SuiteRunnerWorker.runSuite(SuiteRunnerWorker.java:52)
	at org.testng.SuiteRunnerWorker.run(SuiteRunnerWorker.java:86)
	at org.testng.TestNG.runSuitesSequentially(TestNG.java:1301)
	at org.testng.TestNG.runSuitesLocally(TestNG.java:1226)
	at org.testng.TestNG.runSuites(TestNG.java:1144)
	at org.testng.TestNG.run(TestNG.java:1115)
	at org.testng.remote.AbstractRemoteTestNG.run(AbstractRemoteTestNG.java:115)
	at org.testng.remote.RemoteTestNG.initAndRun(RemoteTestNG.java:251)
	at org.testng.remote.RemoteTestNG.main(RemoteTestNG.java:77)
Caused by: org.openqa.selenium.firefox.NotConnectedException: Unable to connect to host 127.0.0.1 on port 7055 after 45000 ms. Firefox console output:
reenshots","description":"Ð’Ñ�Ð±Ñ�Ñ�Ñ� Ð°Ð²Ñ�Ð°Ð½ ÐºÐ»Ð¸Ð¿ Ð±Ð¾Ð»Ð¾Ð½ Ð´Ñ�Ð»Ð³Ñ�Ñ†Ð¸Ð¹Ð½ Ð·ÑƒÑ€Ð³Ð¸Ð¹Ð³ Ð°Ð²Ð°Ð°Ð´ Ñ‚Ñ�Ð´Ð³Ñ�Ñ�Ñ€Ð¸Ð¹Ð³ Ñ‚Ò¯Ñ€ Ñ�Ñ�Ð²Ñ�Ð» Ð±Ò¯Ñ€Ð¼Ó©Ñ�Ó©Ð½ Ñ…Ð°Ð´Ð³Ð°Ð».","creator":"Mozilla <screenshots-feedback@mozilla.com>","homepageURL":"https://github.com/mozilla-services/screenshots","developers":null,"translators":null,"contributors":null,"locales":["mn"]},{"name":"Firefox Screenshots","description":"Web sayfalarÄ±nÄ±n ekran gÃ¶rÃ¼ntÃ¼lerini alÄ±n, ister geÃ§ici ister kalÄ±cÄ± olarak kaydedin.","creator":"Mozilla <screenshots-feedback@mozilla.com>","homepageURL":"https://github.com/mozilla-services/screenshots","developers":null,"translators":null,"contributors":null,"locales":["tr"]},{"name":"Firefox Screenshots","description":"Haz capturas y recortes de la web y guÃ¡rdalos temporal o permanentemente.","creator":"Mozilla <screenshots-feedback@mozilla.com>","homepageURL":"https://github.com/mozilla-services/screenshots","developers":null,"translators":null,"contributors":null,"locales":["es-ES"]},{"name":"Firefox Screenshots","description":"à¤µà¥‡à¤¬à¤¬à¤¾à¤Ÿ à¤«à¥‹à¤Ÿà¥‹ à¤° à¤¸à¤¿à¤•à¥�à¤°à¤¿à¤¨à¤¸à¤Ÿ à¤¯à¤¾ à¤•à¥�à¤²à¤¿à¤ªà¤¹à¤°à¥‚ à¤²à¤¿à¤�à¤° à¤•à¥�à¤·à¤£à¤¿à¤• à¤µà¤¾ à¤¸à¤¦à¤¾à¤•à¥‹ à¤²à¤¾à¤—à¤¿ à¤¸à¤™à¥�à¤—à¥�à¤°à¤¹ à¤—à¤°à¥�à¤¨ à¥¤","creator":"Mozilla <screenshots-feedback@mozilla.com>","homepageURL":"https://github.com/mozilla-services/screenshots","developers":null,"translators":null,"contributors":null,"locales":["ne-NP"]},{"name":"Firefox Screenshots","description":"Maak clips en schermafbeeldingen van het web en sla deze tijdelijk of permanent op.","creator":"Mozilla <screenshots-feedback@mozilla.com>","homepageURL":"https://github.com/mozilla-services/screenshots","developers":null,"translators":null,"contributors":null,"locales":["nl"]}],"targetApplications":[{"id":"toolkit@mozilla.org","minVersion":"57.0a1","maxVersion":null}],"targetPlatforms":[],"seen":true,"dependencies":[],"incognito":"spanning","userPermissions":{"permissions":["activeTab","downloads","tabs","storage","notifications","clipboardWrite","contextMenus"],"origins":["<all_urls>","https://screenshots.firefox.com/","https://screenshots.firefox.com/*"]},"icons":{"32":"icons/icon-v2.svg"},"iconURL":null,"blocklistState":0,"blocklistURL":null,"startupData":null,"hidden":true,"installTelemetryInfo":null,"recommendationState":null,"rootURI":"jar:file:///C:/Program%20Files/Mozilla%20Firefox/browser/features/screenshots@mozilla.org.xpi!/","location":"app-system-defaults"}
1583388924370	addons.xpi-utils	DEBUG	Updating active state for add-on screenshots@mozilla.org to false
1583388925982	addons.manager	DEBUG	Registering upgrade listener for formautofill@mozilla.org
1583388926019	addons.xpi	DEBUG	Calling bootstrap method shutdown on screenshots@mozilla.org version 39.0.0
JavaScript error: resource://gre/modules/XULStore.jsm, line 66: Error: Can't find profile directory.
1583388961884	addons.xpi	DEBUG	Calling bootstrap method shutdown on wikipedia@search.mozilla.org version 1.0
1583388961885	addons.xpi	DEBUG	Calling bootstrap method shutdown on webcompat@mozilla.org version 7.0.0
1583388961891	addons.xpi	DEBUG	Calling bootstrap method shutdown on twitter@search.mozilla.org version 1.0
1583388961892	addons.xpi	DEBUG	Calling bootstrap method shutdown on google@search.mozilla.org version 1.0
1583388961893	addons.xpi	DEBUG	Calling bootstrap method shutdown on formautofill@mozilla.org version 1.0
1583388961895	addons.xpi	DEBUG	Calling bootstrap method shutdown on ebay@search.mozilla.org version 1.0
1583388961897	addons.xpi	DEBUG	Calling bootstrap method shutdown on doh-rollout@mozilla.org version 1.3.0
1583388961900	addons.xpi	DEBUG	Calling bootstrap method shutdown on default-theme@mozilla.org version 1.0
1583388961900	addons.xpi	DEBUG	Calling bootstrap method shutdown on ddg@search.mozilla.org version 1.0
1583388961902	addons.xpi	DEBUG	Calling bootstrap method shutdown on bing@search.mozilla.org version 1.1
1583388961903	addons.xpi	DEBUG	Calling bootstrap method shutdown on amazondotcom@search.mozilla.org version 1.1

	at org.openqa.selenium.firefox.internal.NewProfileExtensionConnection.start(NewProfileExtensionConnection.java:113)
	... 34 more
]]>
            </full-stacktrace>
          </exception> <!-- org.openqa.selenium.WebDriverException -->
          <reporter-output>
          </reporter-output>
        </test-method> <!-- init_driver -->
        <test-method signature="loginSearchPurchaseTest()[pri:2, instance:com.wipro.telestra_assignment.FlipkartTest@158a8276]" started-at="2020-03-05T11:46:11Z" name="loginSearchPurchaseTest" description="verify Login Test...." finished-at="2020-03-05T11:46:11Z" duration-ms="0" status="SKIP">
          <exception class="org.openqa.selenium.WebDriverException">
            <message>
              <![CDATA[Failed to connect to binary FirefoxBinary(C:\Program Files\Mozilla Firefox\firefox.exe) on port 7055; process output follows: 
reenshots","description":"Ð’Ñ�Ð±Ñ�Ñ�Ñ� Ð°Ð²Ñ�Ð°Ð½ ÐºÐ»Ð¸Ð¿ Ð±Ð¾Ð»Ð¾Ð½ Ð´Ñ�Ð»Ð³Ñ�Ñ†Ð¸Ð¹Ð½ Ð·ÑƒÑ€Ð³Ð¸Ð¹Ð³ Ð°Ð²Ð°Ð°Ð´ Ñ‚Ñ�Ð´Ð³Ñ�Ñ�Ñ€Ð¸Ð¹Ð³ Ñ‚Ò¯Ñ€ Ñ�Ñ�Ð²Ñ�Ð» Ð±Ò¯Ñ€Ð¼Ó©Ñ�Ó©Ð½ Ñ…Ð°Ð´Ð³Ð°Ð».","creator":"Mozilla <screenshots-feedback@mozilla.com>","homepageURL":"https://github.com/mozilla-services/screenshots","developers":null,"translators":null,"contributors":null,"locales":["mn"]},{"name":"Firefox Screenshots","description":"Web sayfalarÄ±nÄ±n ekran gÃ¶rÃ¼ntÃ¼lerini alÄ±n, ister geÃ§ici ister kalÄ±cÄ± olarak kaydedin.","creator":"Mozilla <screenshots-feedback@mozilla.com>","homepageURL":"https://github.com/mozilla-services/screenshots","developers":null,"translators":null,"contributors":null,"locales":["tr"]},{"name":"Firefox Screenshots","description":"Haz capturas y recortes de la web y guÃ¡rdalos temporal o permanentemente.","creator":"Mozilla <screenshots-feedback@mozilla.com>","homepageURL":"https://github.com/mozilla-services/screenshots","developers":null,"translators":null,"contributors":null,"locales":["es-ES"]},{"name":"Firefox Screenshots","description":"à¤µà¥‡à¤¬à¤¬à¤¾à¤Ÿ à¤«à¥‹à¤Ÿà¥‹ à¤° à¤¸à¤¿à¤•à¥�à¤°à¤¿à¤¨à¤¸à¤Ÿ à¤¯à¤¾ à¤•à¥�à¤²à¤¿à¤ªà¤¹à¤°à¥‚ à¤²à¤¿à¤�à¤° à¤•à¥�à¤·à¤£à¤¿à¤• à¤µà¤¾ à¤¸à¤¦à¤¾à¤•à¥‹ à¤²à¤¾à¤—à¤¿ à¤¸à¤™à¥�à¤—à¥�à¤°à¤¹ à¤—à¤°à¥�à¤¨ à¥¤","creator":"Mozilla <screenshots-feedback@mozilla.com>","homepageURL":"https://github.com/mozilla-services/screenshots","developers":null,"translators":null,"contributors":null,"locales":["ne-NP"]},{"name":"Firefox Screenshots","description":"Maak clips en schermafbeeldingen van het web en sla deze tijdelijk of permanent op.","creator":"Mozilla <screenshots-feedback@mozilla.com>","homepageURL":"https://github.com/mozilla-services/screenshots","developers":null,"translators":null,"contributors":null,"locales":["nl"]}],"targetApplications":[{"id":"toolkit@mozilla.org","minVersion":"57.0a1","maxVersion":null}],"targetPlatforms":[],"seen":true,"dependencies":[],"incognito":"spanning","userPermissions":{"permissions":["activeTab","downloads","tabs","storage","notifications","clipboardWrite","contextMenus"],"origins":["<all_urls>","https://screenshots.firefox.com/","https://screenshots.firefox.com/*"]},"icons":{"32":"icons/icon-v2.svg"},"iconURL":null,"blocklistState":0,"blocklistURL":null,"startupData":null,"hidden":true,"installTelemetryInfo":null,"recommendationState":null,"rootURI":"jar:file:///C:/Program%20Files/Mozilla%20Firefox/browser/features/screenshots@mozilla.org.xpi!/","location":"app-system-defaults"}
1583388924370	addons.xpi-utils	DEBUG	Updating active state for add-on screenshots@mozilla.org to false
1583388925982	addons.manager	DEBUG	Registering upgrade listener for formautofill@mozilla.org
1583388926019	addons.xpi	DEBUG	Calling bootstrap method shutdown on screenshots@mozilla.org version 39.0.0
JavaScript error: resource://gre/modules/XULStore.jsm, line 66: Error: Can't find profile directory.
1583388961884	addons.xpi	DEBUG	Calling bootstrap method shutdown on wikipedia@search.mozilla.org version 1.0
1583388961885	addons.xpi	DEBUG	Calling bootstrap method shutdown on webcompat@mozilla.org version 7.0.0
1583388961891	addons.xpi	DEBUG	Calling bootstrap method shutdown on twitter@search.mozilla.org version 1.0
1583388961892	addons.xpi	DEBUG	Calling bootstrap method shutdown on google@search.mozilla.org version 1.0
1583388961893	addons.xpi	DEBUG	Calling bootstrap method shutdown on formautofill@mozilla.org version 1.0
1583388961895	addons.xpi	DEBUG	Calling bootstrap method shutdown on ebay@search.mozilla.org version 1.0
1583388961897	addons.xpi	DEBUG	Calling bootstrap method shutdown on doh-rollout@mozilla.org version 1.3.0
1583388961900	addons.xpi	DEBUG	Calling bootstrap method shutdown on default-theme@mozilla.org version 1.0
1583388961900	addons.xpi	DEBUG	Calling bootstrap method shutdown on ddg@search.mozilla.org version 1.0
1583388961902	addons.xpi	DEBUG	Calling bootstrap method shutdown on bing@search.mozilla.org version 1.1
1583388961903	addons.xpi	DEBUG	Calling bootstrap method shutdown on amazondotcom@search.mozilla.org version 1.1

Build info: version: '2.53.1', revision: 'a36b8b1cd5757287168e54b817830adce9b0158d', time: '2016-06-30 19:26:09'
System info: host: 'D-113202868', ip: '10.222.2.114', os.name: 'Windows 10', os.arch: 'amd64', os.version: '10.0', java.version: '11.0.1'
Driver info: driver.version: FirefoxDriver]]>
            </message>
            <full-stacktrace>
              <![CDATA[org.openqa.selenium.WebDriverException: Failed to connect to binary FirefoxBinary(C:\Program Files\Mozilla Firefox\firefox.exe) on port 7055; process output follows: 
reenshots","description":"Ð’Ñ�Ð±Ñ�Ñ�Ñ� Ð°Ð²Ñ�Ð°Ð½ ÐºÐ»Ð¸Ð¿ Ð±Ð¾Ð»Ð¾Ð½ Ð´Ñ�Ð»Ð³Ñ�Ñ†Ð¸Ð¹Ð½ Ð·ÑƒÑ€Ð³Ð¸Ð¹Ð³ Ð°Ð²Ð°Ð°Ð´ Ñ‚Ñ�Ð´Ð³Ñ�Ñ�Ñ€Ð¸Ð¹Ð³ Ñ‚Ò¯Ñ€ Ñ�Ñ�Ð²Ñ�Ð» Ð±Ò¯Ñ€Ð¼Ó©Ñ�Ó©Ð½ Ñ…Ð°Ð´Ð³Ð°Ð».","creator":"Mozilla <screenshots-feedback@mozilla.com>","homepageURL":"https://github.com/mozilla-services/screenshots","developers":null,"translators":null,"contributors":null,"locales":["mn"]},{"name":"Firefox Screenshots","description":"Web sayfalarÄ±nÄ±n ekran gÃ¶rÃ¼ntÃ¼lerini alÄ±n, ister geÃ§ici ister kalÄ±cÄ± olarak kaydedin.","creator":"Mozilla <screenshots-feedback@mozilla.com>","homepageURL":"https://github.com/mozilla-services/screenshots","developers":null,"translators":null,"contributors":null,"locales":["tr"]},{"name":"Firefox Screenshots","description":"Haz capturas y recortes de la web y guÃ¡rdalos temporal o permanentemente.","creator":"Mozilla <screenshots-feedback@mozilla.com>","homepageURL":"https://github.com/mozilla-services/screenshots","developers":null,"translators":null,"contributors":null,"locales":["es-ES"]},{"name":"Firefox Screenshots","description":"à¤µà¥‡à¤¬à¤¬à¤¾à¤Ÿ à¤«à¥‹à¤Ÿà¥‹ à¤° à¤¸à¤¿à¤•à¥�à¤°à¤¿à¤¨à¤¸à¤Ÿ à¤¯à¤¾ à¤•à¥�à¤²à¤¿à¤ªà¤¹à¤°à¥‚ à¤²à¤¿à¤�à¤° à¤•à¥�à¤·à¤£à¤¿à¤• à¤µà¤¾ à¤¸à¤¦à¤¾à¤•à¥‹ à¤²à¤¾à¤—à¤¿ à¤¸à¤™à¥�à¤—à¥�à¤°à¤¹ à¤—à¤°à¥�à¤¨ à¥¤","creator":"Mozilla <screenshots-feedback@mozilla.com>","homepageURL":"https://github.com/mozilla-services/screenshots","developers":null,"translators":null,"contributors":null,"locales":["ne-NP"]},{"name":"Firefox Screenshots","description":"Maak clips en schermafbeeldingen van het web en sla deze tijdelijk of permanent op.","creator":"Mozilla <screenshots-feedback@mozilla.com>","homepageURL":"https://github.com/mozilla-services/screenshots","developers":null,"translators":null,"contributors":null,"locales":["nl"]}],"targetApplications":[{"id":"toolkit@mozilla.org","minVersion":"57.0a1","maxVersion":null}],"targetPlatforms":[],"seen":true,"dependencies":[],"incognito":"spanning","userPermissions":{"permissions":["activeTab","downloads","tabs","storage","notifications","clipboardWrite","contextMenus"],"origins":["<all_urls>","https://screenshots.firefox.com/","https://screenshots.firefox.com/*"]},"icons":{"32":"icons/icon-v2.svg"},"iconURL":null,"blocklistState":0,"blocklistURL":null,"startupData":null,"hidden":true,"installTelemetryInfo":null,"recommendationState":null,"rootURI":"jar:file:///C:/Program%20Files/Mozilla%20Firefox/browser/features/screenshots@mozilla.org.xpi!/","location":"app-system-defaults"}
1583388924370	addons.xpi-utils	DEBUG	Updating active state for add-on screenshots@mozilla.org to false
1583388925982	addons.manager	DEBUG	Registering upgrade listener for formautofill@mozilla.org
1583388926019	addons.xpi	DEBUG	Calling bootstrap method shutdown on screenshots@mozilla.org version 39.0.0
JavaScript error: resource://gre/modules/XULStore.jsm, line 66: Error: Can't find profile directory.
1583388961884	addons.xpi	DEBUG	Calling bootstrap method shutdown on wikipedia@search.mozilla.org version 1.0
1583388961885	addons.xpi	DEBUG	Calling bootstrap method shutdown on webcompat@mozilla.org version 7.0.0
1583388961891	addons.xpi	DEBUG	Calling bootstrap method shutdown on twitter@search.mozilla.org version 1.0
1583388961892	addons.xpi	DEBUG	Calling bootstrap method shutdown on google@search.mozilla.org version 1.0
1583388961893	addons.xpi	DEBUG	Calling bootstrap method shutdown on formautofill@mozilla.org version 1.0
1583388961895	addons.xpi	DEBUG	Calling bootstrap method shutdown on ebay@search.mozilla.org version 1.0
1583388961897	addons.xpi	DEBUG	Calling bootstrap method shutdown on doh-rollout@mozilla.org version 1.3.0
1583388961900	addons.xpi	DEBUG	Calling bootstrap method shutdown on default-theme@mozilla.org version 1.0
1583388961900	addons.xpi	DEBUG	Calling bootstrap method shutdown on ddg@search.mozilla.org version 1.0
1583388961902	addons.xpi	DEBUG	Calling bootstrap method shutdown on bing@search.mozilla.org version 1.1
1583388961903	addons.xpi	DEBUG	Calling bootstrap method shutdown on amazondotcom@search.mozilla.org version 1.1

Build info: version: '2.53.1', revision: 'a36b8b1cd5757287168e54b817830adce9b0158d', time: '2016-06-30 19:26:09'
System info: host: 'D-113202868', ip: '10.222.2.114', os.name: 'Windows 10', os.arch: 'amd64', os.version: '10.0', java.version: '11.0.1'
Driver info: driver.version: FirefoxDriver
	at org.openqa.selenium.firefox.internal.NewProfileExtensionConnection.start(NewProfileExtensionConnection.java:125)
	at org.openqa.selenium.firefox.FirefoxDriver.startClient(FirefoxDriver.java:271)
	at org.openqa.selenium.remote.RemoteWebDriver.<init>(RemoteWebDriver.java:119)
	at org.openqa.selenium.firefox.FirefoxDriver.<init>(FirefoxDriver.java:216)
	at org.openqa.selenium.firefox.FirefoxDriver.<init>(FirefoxDriver.java:211)
	at org.openqa.selenium.firefox.FirefoxDriver.<init>(FirefoxDriver.java:207)
	at org.openqa.selenium.firefox.FirefoxDriver.<init>(FirefoxDriver.java:124)
	at com.wipro.telestra_assignment.base.BasePage.init_driver(BasePage.java:72)
	at java.base/jdk.internal.reflect.NativeMethodAccessorImpl.invoke0(Native Method)
	at java.base/jdk.internal.reflect.NativeMethodAccessorImpl.invoke(NativeMethodAccessorImpl.java:62)
	at java.base/jdk.internal.reflect.DelegatingMethodAccessorImpl.invoke(DelegatingMethodAccessorImpl.java:43)
	at java.base/java.lang.reflect.Method.invoke(Method.java:566)
	at org.testng.internal.MethodInvocationHelper.invokeMethod(MethodInvocationHelper.java:108)
	at org.testng.internal.Invoker.invokeConfigurationMethod(Invoker.java:523)
	at org.testng.internal.Invoker.invokeConfigurations(Invoker.java:224)
	at org.testng.internal.Invoker.invokeMethod(Invoker.java:599)
	at org.testng.internal.Invoker.invokeTestMethod(Invoker.java:869)
	at org.testng.internal.Invoker.invokeTestMethods(Invoker.java:1193)
	at org.testng.internal.TestMethodWorker.invokeTestMethods(TestMethodWorker.java:126)
	at org.testng.internal.TestMethodWorker.run(TestMethodWorker.java:109)
	at org.testng.TestRunner.privateRun(TestRunner.java:744)
	at org.testng.TestRunner.run(TestRunner.java:602)
	at org.testng.SuiteRunner.runTest(SuiteRunner.java:380)
	at org.testng.SuiteRunner.runSequentially(SuiteRunner.java:375)
	at org.testng.SuiteRunner.privateRun(SuiteRunner.java:340)
	at org.testng.SuiteRunner.run(SuiteRunner.java:289)
	at org.testng.SuiteRunnerWorker.runSuite(SuiteRunnerWorker.java:52)
	at org.testng.SuiteRunnerWorker.run(SuiteRunnerWorker.java:86)
	at org.testng.TestNG.runSuitesSequentially(TestNG.java:1301)
	at org.testng.TestNG.runSuitesLocally(TestNG.java:1226)
	at org.testng.TestNG.runSuites(TestNG.java:1144)
	at org.testng.TestNG.run(TestNG.java:1115)
	at org.testng.remote.AbstractRemoteTestNG.run(AbstractRemoteTestNG.java:115)
	at org.testng.remote.RemoteTestNG.initAndRun(RemoteTestNG.java:251)
	at org.testng.remote.RemoteTestNG.main(RemoteTestNG.java:77)
Caused by: org.openqa.selenium.firefox.NotConnectedException: Unable to connect to host 127.0.0.1 on port 7055 after 45000 ms. Firefox console output:
reenshots","description":"Ð’Ñ�Ð±Ñ�Ñ�Ñ� Ð°Ð²Ñ�Ð°Ð½ ÐºÐ»Ð¸Ð¿ Ð±Ð¾Ð»Ð¾Ð½ Ð´Ñ�Ð»Ð³Ñ�Ñ†Ð¸Ð¹Ð½ Ð·ÑƒÑ€Ð³Ð¸Ð¹Ð³ Ð°Ð²Ð°Ð°Ð´ Ñ‚Ñ�Ð´Ð³Ñ�Ñ�Ñ€Ð¸Ð¹Ð³ Ñ‚Ò¯Ñ€ Ñ�Ñ�Ð²Ñ�Ð» Ð±Ò¯Ñ€Ð¼Ó©Ñ�Ó©Ð½ Ñ…Ð°Ð´Ð³Ð°Ð».","creator":"Mozilla <screenshots-feedback@mozilla.com>","homepageURL":"https://github.com/mozilla-services/screenshots","developers":null,"translators":null,"contributors":null,"locales":["mn"]},{"name":"Firefox Screenshots","description":"Web sayfalarÄ±nÄ±n ekran gÃ¶rÃ¼ntÃ¼lerini alÄ±n, ister geÃ§ici ister kalÄ±cÄ± olarak kaydedin.","creator":"Mozilla <screenshots-feedback@mozilla.com>","homepageURL":"https://github.com/mozilla-services/screenshots","developers":null,"translators":null,"contributors":null,"locales":["tr"]},{"name":"Firefox Screenshots","description":"Haz capturas y recortes de la web y guÃ¡rdalos temporal o permanentemente.","creator":"Mozilla <screenshots-feedback@mozilla.com>","homepageURL":"https://github.com/mozilla-services/screenshots","developers":null,"translators":null,"contributors":null,"locales":["es-ES"]},{"name":"Firefox Screenshots","description":"à¤µà¥‡à¤¬à¤¬à¤¾à¤Ÿ à¤«à¥‹à¤Ÿà¥‹ à¤° à¤¸à¤¿à¤•à¥�à¤°à¤¿à¤¨à¤¸à¤Ÿ à¤¯à¤¾ à¤•à¥�à¤²à¤¿à¤ªà¤¹à¤°à¥‚ à¤²à¤¿à¤�à¤° à¤•à¥�à¤·à¤£à¤¿à¤• à¤µà¤¾ à¤¸à¤¦à¤¾à¤•à¥‹ à¤²à¤¾à¤—à¤¿ à¤¸à¤™à¥�à¤—à¥�à¤°à¤¹ à¤—à¤°à¥�à¤¨ à¥¤","creator":"Mozilla <screenshots-feedback@mozilla.com>","homepageURL":"https://github.com/mozilla-services/screenshots","developers":null,"translators":null,"contributors":null,"locales":["ne-NP"]},{"name":"Firefox Screenshots","description":"Maak clips en schermafbeeldingen van het web en sla deze tijdelijk of permanent op.","creator":"Mozilla <screenshots-feedback@mozilla.com>","homepageURL":"https://github.com/mozilla-services/screenshots","developers":null,"translators":null,"contributors":null,"locales":["nl"]}],"targetApplications":[{"id":"toolkit@mozilla.org","minVersion":"57.0a1","maxVersion":null}],"targetPlatforms":[],"seen":true,"dependencies":[],"incognito":"spanning","userPermissions":{"permissions":["activeTab","downloads","tabs","storage","notifications","clipboardWrite","contextMenus"],"origins":["<all_urls>","https://screenshots.firefox.com/","https://screenshots.firefox.com/*"]},"icons":{"32":"icons/icon-v2.svg"},"iconURL":null,"blocklistState":0,"blocklistURL":null,"startupData":null,"hidden":true,"installTelemetryInfo":null,"recommendationState":null,"rootURI":"jar:file:///C:/Program%20Files/Mozilla%20Firefox/browser/features/screenshots@mozilla.org.xpi!/","location":"app-system-defaults"}
1583388924370	addons.xpi-utils	DEBUG	Updating active state for add-on screenshots@mozilla.org to false
1583388925982	addons.manager	DEBUG	Registering upgrade listener for formautofill@mozilla.org
1583388926019	addons.xpi	DEBUG	Calling bootstrap method shutdown on screenshots@mozilla.org version 39.0.0
JavaScript error: resource://gre/modules/XULStore.jsm, line 66: Error: Can't find profile directory.
1583388961884	addons.xpi	DEBUG	Calling bootstrap method shutdown on wikipedia@search.mozilla.org version 1.0
1583388961885	addons.xpi	DEBUG	Calling bootstrap method shutdown on webcompat@mozilla.org version 7.0.0
1583388961891	addons.xpi	DEBUG	Calling bootstrap method shutdown on twitter@search.mozilla.org version 1.0
1583388961892	addons.xpi	DEBUG	Calling bootstrap method shutdown on google@search.mozilla.org version 1.0
1583388961893	addons.xpi	DEBUG	Calling bootstrap method shutdown on formautofill@mozilla.org version 1.0
1583388961895	addons.xpi	DEBUG	Calling bootstrap method shutdown on ebay@search.mozilla.org version 1.0
1583388961897	addons.xpi	DEBUG	Calling bootstrap method shutdown on doh-rollout@mozilla.org version 1.3.0
1583388961900	addons.xpi	DEBUG	Calling bootstrap method shutdown on default-theme@mozilla.org version 1.0
1583388961900	addons.xpi	DEBUG	Calling bootstrap method shutdown on ddg@search.mozilla.org version 1.0
1583388961902	addons.xpi	DEBUG	Calling bootstrap method shutdown on bing@search.mozilla.org version 1.1
1583388961903	addons.xpi	DEBUG	Calling bootstrap method shutdown on amazondotcom@search.mozilla.org version 1.1

	at org.openqa.selenium.firefox.internal.NewProfileExtensionConnection.start(NewProfileExtensionConnection.java:113)
	... 34 more
]]>
            </full-stacktrace>
          </exception> <!-- org.openqa.selenium.WebDriverException -->
          <reporter-output>
          </reporter-output>
        </test-method> <!-- loginSearchPurchaseTest -->
      </class> <!-- com.wipro.telestra_assignment.FlipkartTest -->
    </test> <!-- Default test -->
  </suite> <!-- Default suite -->
</testng-results>
